This is pdfTeX, Version 3.14159265-2.6-1.40.17 (TeX Live 2016) (preloaded format=pdflatex 2016.11.11)  12 NOV 2016 23:09
entering extended mode
 restricted \write18 enabled.
 file:line:error style messages enabled.
 %&-line parsing enabled.
**1.tex
(./1.tex
LaTeX2e <2016/03/31>
Babel <3.9r> and hyphenation patterns for 83 language(s) loaded.

! LaTeX Error: File `cctbook.cls' not found.

Type X to quit or <RETURN> to proceed,
or enter new name. (Default extension: cls)

Enter file name: 
./1.tex:2: Emergency stop.
<read *> 
         
l.2 \usepackage
               {mathrsfs}^^M
End of file on the terminal!

 
Here is how much of TeX's memory you used:
 10 strings out of 493014
 160 string characters out of 6133350
 53601 words of memory out of 5000000
 3651 multiletter control sequences out of 15000+600000
 3640 words of font info for 14 fonts, out of 8000000 for 9000
 1141 hyphenation exceptions out of 8191
 10i,0n,7p,57b,8s stack positions out of 5000i,500n,10000p,200000b,80000s
./1.tex:2:  ==> Fatal error occurred, no output PDF file produced!
